<?xml version="1.0" encoding="UTF-8"?>
<testng-results ignored="0" total="0" passed="0" failed="0" skipped="0">
  <reporter-output>
  </reporter-output>
  <suite started-at="2022-06-22T22:56:22 EET" name="utilities.TestBaseRapor" finished-at="2022-06-22T22:56:22 EET" duration-ms="8">
    <groups>
    </groups>
    <test started-at="2022-06-22T22:56:22 EET" name="Command line test" finished-at="2022-06-22T22:56:22 EET" duration-ms="8">
    </test> <!-- Command line test -->
  </suite> <!-- utilities.TestBaseRapor -->
</testng-results>
